<?xml version="1.0" encoding="UTF-8"?>
<!-- Generated by org.testng.reporters.JUnitXMLReporter -->
<testsuite hostname="PC-20150630XTJU" ignored="2" name="login" tests="3" failures="0" timestamp="29 十一月 2017 09:53:32 GMT" time="3.2" errors="0">
  <testcase name="loginData" time="1.425" classname="com.starv.tbb.testcase.LoginTest"/>
  <testcase name="testBaidu" time="0.953" classname="com.starv.tbb.testcase.BaiduTest"/>
  <testcase name="testBaidu" time="0.731" classname="com.starv.tbb.testcase.BaiduTest"/>
  <testcase name="@BeforeSuite setUp" time="0.0" classname="com.starv.tbb.testcase.TestCase">
    <ignored/>
  </testcase> <!-- @BeforeSuite setUp -->
  <testcase name="@AfterSuite tearDown" time="0.0" classname="com.starv.tbb.testcase.TestCase">
    <ignored/>
  </testcase> <!-- @AfterSuite tearDown -->
</testsuite> <!-- login -->
